
*** Running vivado
    with args -log fir.vds -m64 -product Vivado -mode batch -messageDb vivado.pb -notrace -source fir.tcl


****** Vivado v2022.1 (64-bit)
  **** SW Build 3526262 on Mon Apr 18 15:47:01 MDT 2022
  **** IP Build 3524634 on Mon Apr 18 20:55:01 MDT 2022
    ** Copyright 1986-2022 Xilinx, Inc. All Rights Reserved.

source fir.tcl -notrace
create_project: Time (s): cpu = 00:00:10 ; elapsed = 00:00:11 . Memory (MB): peak = 2856.551 ; gain = 0.023 ; free physical = 2519 ; free virtual = 7047
Command: synth_design -top fir -part xc7z020clg400-1
Starting synth_design
Attempting to get a license for feature 'Synthesis' and/or device 'xc7z020'
INFO: [Common 17-349] Got license for feature 'Synthesis' and/or device 'xc7z020'
INFO: [Device 21-403] Loading part xc7z020clg400-1
INFO: [Synth 8-7079] Multithreading enabled for synth_design using a maximum of 4 processes.
INFO: [Synth 8-7078] Launching helper process for spawning children vivado processes
INFO: [Synth 8-7075] Helper process launched with PID 421173
---------------------------------------------------------------------------------
Starting RTL Elaboration : Time (s): cpu = 00:00:08 ; elapsed = 00:00:10 . Memory (MB): peak = 2856.551 ; gain = 0.000 ; free physical = 1705 ; free virtual = 6273
---------------------------------------------------------------------------------
INFO: [Synth 8-6157] synthesizing module 'fir' [/home/ubuntu/yucheng/caravel-soc_fpga-lab/lab-fir/fir/rtl/fir.v:1]
INFO: [Synth 8-6155] done synthesizing module 'fir' (0#1) [/home/ubuntu/yucheng/caravel-soc_fpga-lab/lab-fir/fir/rtl/fir.v:1]
WARNING: [Synth 8-3917] design fir has port tap_EN driven by constant 1
WARNING: [Synth 8-3917] design fir has port data_EN driven by constant 1
WARNING: [Synth 8-3917] design fir has port data_A[11] driven by constant 0
WARNING: [Synth 8-3917] design fir has port data_A[10] driven by constant 0
WARNING: [Synth 8-3917] design fir has port data_A[9] driven by constant 0
WARNING: [Synth 8-3917] design fir has port data_A[8] driven by constant 0
WARNING: [Synth 8-3917] design fir has port data_A[7] driven by constant 0
WARNING: [Synth 8-3917] design fir has port data_A[6] driven by constant 0
WARNING: [Synth 8-7129] Port ss_tlast in module fir is either unconnected or has no load
WARNING: [Synth 8-7129] Port sm_tready in module fir is either unconnected or has no load
---------------------------------------------------------------------------------
Finished RTL Elaboration : Time (s): cpu = 00:00:11 ; elapsed = 00:00:14 . Memory (MB): peak = 2856.551 ; gain = 0.000 ; free physical = 1754 ; free virtual = 6330
---------------------------------------------------------------------------------
---------------------------------------------------------------------------------
Start Handling Custom Attributes
---------------------------------------------------------------------------------
---------------------------------------------------------------------------------
Finished Handling Custom Attributes : Time (s): cpu = 00:00:12 ; elapsed = 00:00:14 . Memory (MB): peak = 2856.551 ; gain = 0.000 ; free physical = 1756 ; free virtual = 6332
---------------------------------------------------------------------------------
---------------------------------------------------------------------------------
Finished RTL Optimization Phase 1 : Time (s): cpu = 00:00:12 ; elapsed = 00:00:14 . Memory (MB): peak = 2856.551 ; gain = 0.000 ; free physical = 1756 ; free virtual = 6332
---------------------------------------------------------------------------------
Netlist sorting complete. Time (s): cpu = 00:00:00.01 ; elapsed = 00:00:00.02 . Memory (MB): peak = 2856.551 ; gain = 0.000 ; free physical = 1755 ; free virtual = 6332
INFO: [Project 1-570] Preparing netlist for logic optimization

Processing XDC Constraints
Initializing timing engine
Parsing XDC File [/home/ubuntu/yucheng/course-lab_3/project_1/project_1.srcs/constrs_1/new/constraint.xdc]
Finished Parsing XDC File [/home/ubuntu/yucheng/course-lab_3/project_1/project_1.srcs/constrs_1/new/constraint.xdc]
Completed Processing XDC Constraints

Netlist sorting complete. Time (s): cpu = 00:00:00 ; elapsed = 00:00:00 . Memory (MB): peak = 2872.559 ; gain = 0.000 ; free physical = 1660 ; free virtual = 6250
INFO: [Project 1-111] Unisim Transformation Summary:
No Unisim elements were transformed.

Constraint Validation Runtime : Time (s): cpu = 00:00:00 ; elapsed = 00:00:00.02 . Memory (MB): peak = 2872.559 ; gain = 0.000 ; free physical = 1660 ; free virtual = 6250
---------------------------------------------------------------------------------
Finished Constraint Validation : Time (s): cpu = 00:00:24 ; elapsed = 00:00:27 . Memory (MB): peak = 2872.559 ; gain = 16.008 ; free physical = 1723 ; free virtual = 6314
---------------------------------------------------------------------------------
---------------------------------------------------------------------------------
Start Loading Part and Timing Information
---------------------------------------------------------------------------------
Loading part: xc7z020clg400-1
---------------------------------------------------------------------------------
Finished Loading Part and Timing Information : Time (s): cpu = 00:00:24 ; elapsed = 00:00:27 . Memory (MB): peak = 2872.559 ; gain = 16.008 ; free physical = 1723 ; free virtual = 6314
---------------------------------------------------------------------------------
---------------------------------------------------------------------------------
Start Applying 'set_property' XDC Constraints
---------------------------------------------------------------------------------
---------------------------------------------------------------------------------
Finished applying 'set_property' XDC Constraints : Time (s): cpu = 00:00:24 ; elapsed = 00:00:27 . Memory (MB): peak = 2872.559 ; gain = 16.008 ; free physical = 1723 ; free virtual = 6314
---------------------------------------------------------------------------------
---------------------------------------------------------------------------------
Finished RTL Optimization Phase 2 : Time (s): cpu = 00:00:24 ; elapsed = 00:00:28 . Memory (MB): peak = 2872.559 ; gain = 16.008 ; free physical = 1719 ; free virtual = 6311
---------------------------------------------------------------------------------
---------------------------------------------------------------------------------
Start RTL Component Statistics 
---------------------------------------------------------------------------------
Detailed RTL Component Info : 
+---Adders : 
	   2 Input   12 Bit       Adders := 2     
	   2 Input   10 Bit       Adders := 1     
	   2 Input    4 Bit       Adders := 2     
	   3 Input    4 Bit       Adders := 2     
+---Registers : 
	               32 Bit    Registers := 1     
	               10 Bit    Registers := 1     
	                4 Bit    Registers := 2     
	                1 Bit    Registers := 8     
+---Multipliers : 
	              32x32  Multipliers := 1     
+---Muxes : 
	   2 Input   32 Bit        Muxes := 4     
	   2 Input   12 Bit        Muxes := 3     
	   3 Input    4 Bit        Muxes := 1     
	   2 Input    4 Bit        Muxes := 3     
	   2 Input    1 Bit        Muxes := 6     
---------------------------------------------------------------------------------
Finished RTL Component Statistics 
---------------------------------------------------------------------------------
---------------------------------------------------------------------------------
Start Part Resource Summary
---------------------------------------------------------------------------------
Part Resources:
DSPs: 220 (col length:60)
BRAMs: 280 (col length: RAMB18 60 RAMB36 30)
---------------------------------------------------------------------------------
Finished Part Resource Summary
---------------------------------------------------------------------------------
---------------------------------------------------------------------------------
Start Cross Boundary and Area Optimization
---------------------------------------------------------------------------------
WARNING: [Synth 8-7080] Parallel synthesis criteria is not met
DSP Report: Generating DSP multiply_result, operation Mode is: A*B.
DSP Report: operator multiply_result is absorbed into DSP multiply_result.
DSP Report: operator multiply_result is absorbed into DSP multiply_result.
DSP Report: Generating DSP multiply_result, operation Mode is: (PCIN>>17)+A*B.
DSP Report: operator multiply_result is absorbed into DSP multiply_result.
DSP Report: operator multiply_result is absorbed into DSP multiply_result.
DSP Report: Generating DSP multiply_result, operation Mode is: A*B.
DSP Report: operator multiply_result is absorbed into DSP multiply_result.
DSP Report: operator multiply_result is absorbed into DSP multiply_result.
DSP Report: Generating DSP multiply_result, operation Mode is: (PCIN>>17)+A*B.
DSP Report: operator multiply_result is absorbed into DSP multiply_result.
DSP Report: operator multiply_result is absorbed into DSP multiply_result.
WARNING: [Synth 8-3917] design fir has port tap_EN driven by constant 1
WARNING: [Synth 8-3917] design fir has port data_EN driven by constant 1
WARNING: [Synth 8-3917] design fir has port data_A[11] driven by constant 0
WARNING: [Synth 8-3917] design fir has port data_A[10] driven by constant 0
WARNING: [Synth 8-3917] design fir has port data_A[9] driven by constant 0
WARNING: [Synth 8-3917] design fir has port data_A[8] driven by constant 0
WARNING: [Synth 8-3917] design fir has port data_A[7] driven by constant 0
WARNING: [Synth 8-3917] design fir has port data_A[6] driven by constant 0
WARNING: [Synth 8-3917] design fir has port data_A[1] driven by constant 0
WARNING: [Synth 8-3917] design fir has port data_A[0] driven by constant 0
WARNING: [Synth 8-7129] Port ss_tlast in module fir is either unconnected or has no load
WARNING: [Synth 8-7129] Port sm_tready in module fir is either unconnected or has no load
---------------------------------------------------------------------------------
Finished Cross Boundary and Area Optimization : Time (s): cpu = 00:00:28 ; elapsed = 00:00:32 . Memory (MB): peak = 2872.559 ; gain = 16.008 ; free physical = 1690 ; free virtual = 6291
---------------------------------------------------------------------------------
---------------------------------------------------------------------------------
Start ROM, RAM, DSP, Shift Register and Retiming Reporting
---------------------------------------------------------------------------------

DSP: Preliminary Mapping Report (see note below. The ' indicates corresponding REG is set)
+------------+----------------+--------+--------+--------+--------+--------+------+------+------+------+-------+------+------+
|Module Name | DSP Mapping    | A Size | B Size | C Size | D Size | P Size | AREG | BREG | CREG | DREG | ADREG | MREG | PREG | 
+------------+----------------+--------+--------+--------+--------+--------+------+------+------+------+-------+------+------+
|fir         | A*B            | 18     | 15     | -      | -      | 48     | 0    | 0    | -    | -    | -     | 0    | 0    | 
|fir         | (PCIN>>17)+A*B | 15     | 15     | -      | -      | 48     | 0    | 0    | -    | -    | -     | 0    | 0    | 
|fir         | A*B            | 18     | 18     | -      | -      | 48     | 0    | 0    | -    | -    | -     | 0    | 0    | 
|fir         | (PCIN>>17)+A*B | 18     | 15     | -      | -      | 48     | 0    | 0    | -    | -    | -     | 0    | 0    | 
+------------+----------------+--------+--------+--------+--------+--------+------+------+------+------+-------+------+------+

Note: The table above is a preliminary report that shows the DSPs inferred at the current stage of the synthesis flow. Some DSP may be reimplemented as non DSP primitives later in the synthesis flow. Multiple instantiated DSPs are reported only once.
---------------------------------------------------------------------------------
Finished ROM, RAM, DSP, Shift Register and Retiming Reporting
---------------------------------------------------------------------------------
---------------------------------------------------------------------------------
Start Applying XDC Timing Constraints
---------------------------------------------------------------------------------
---------------------------------------------------------------------------------
Finished Applying XDC Timing Constraints : Time (s): cpu = 00:00:41 ; elapsed = 00:00:45 . Memory (MB): peak = 2872.559 ; gain = 16.008 ; free physical = 1528 ; free virtual = 6137
---------------------------------------------------------------------------------
---------------------------------------------------------------------------------
Start Timing Optimization
---------------------------------------------------------------------------------
---------------------------------------------------------------------------------
Finished Timing Optimization : Time (s): cpu = 00:00:42 ; elapsed = 00:00:46 . Memory (MB): peak = 2872.559 ; gain = 16.008 ; free physical = 1512 ; free virtual = 6121
---------------------------------------------------------------------------------
---------------------------------------------------------------------------------
Start Technology Mapping
---------------------------------------------------------------------------------
---------------------------------------------------------------------------------
Finished Technology Mapping : Time (s): cpu = 00:00:43 ; elapsed = 00:00:47 . Memory (MB): peak = 2872.559 ; gain = 16.008 ; free physical = 1510 ; free virtual = 6119
---------------------------------------------------------------------------------
---------------------------------------------------------------------------------
Start IO Insertion
---------------------------------------------------------------------------------
---------------------------------------------------------------------------------
Start Flattening Before IO Insertion
---------------------------------------------------------------------------------
---------------------------------------------------------------------------------
Finished Flattening Before IO Insertion
---------------------------------------------------------------------------------
---------------------------------------------------------------------------------
Start Final Netlist Cleanup
---------------------------------------------------------------------------------
---------------------------------------------------------------------------------
Finished Final Netlist Cleanup
---------------------------------------------------------------------------------
---------------------------------------------------------------------------------
Finished IO Insertion : Time (s): cpu = 00:00:51 ; elapsed = 00:00:56 . Memory (MB): peak = 2872.559 ; gain = 16.008 ; free physical = 1510 ; free virtual = 6119
---------------------------------------------------------------------------------
---------------------------------------------------------------------------------
Start Renaming Generated Instances
---------------------------------------------------------------------------------
---------------------------------------------------------------------------------
Finished Renaming Generated Instances : Time (s): cpu = 00:00:51 ; elapsed = 00:00:56 . Memory (MB): peak = 2872.559 ; gain = 16.008 ; free physical = 1510 ; free virtual = 6119
---------------------------------------------------------------------------------
---------------------------------------------------------------------------------
Start Rebuilding User Hierarchy
---------------------------------------------------------------------------------
---------------------------------------------------------------------------------
Finished Rebuilding User Hierarchy : Time (s): cpu = 00:00:51 ; elapsed = 00:00:56 . Memory (MB): peak = 2872.559 ; gain = 16.008 ; free physical = 1510 ; free virtual = 6119
---------------------------------------------------------------------------------
---------------------------------------------------------------------------------
Start Renaming Generated Ports
---------------------------------------------------------------------------------
---------------------------------------------------------------------------------
Finished Renaming Generated Ports : Time (s): cpu = 00:00:51 ; elapsed = 00:00:56 . Memory (MB): peak = 2872.559 ; gain = 16.008 ; free physical = 1510 ; free virtual = 6119
---------------------------------------------------------------------------------
---------------------------------------------------------------------------------
Start Handling Custom Attributes
---------------------------------------------------------------------------------
---------------------------------------------------------------------------------
Finished Handling Custom Attributes : Time (s): cpu = 00:00:51 ; elapsed = 00:00:56 . Memory (MB): peak = 2872.559 ; gain = 16.008 ; free physical = 1510 ; free virtual = 6119
---------------------------------------------------------------------------------
---------------------------------------------------------------------------------
Start Renaming Generated Nets
---------------------------------------------------------------------------------
---------------------------------------------------------------------------------
Finished Renaming Generated Nets : Time (s): cpu = 00:00:51 ; elapsed = 00:00:56 . Memory (MB): peak = 2872.559 ; gain = 16.008 ; free physical = 1510 ; free virtual = 6119
---------------------------------------------------------------------------------
---------------------------------------------------------------------------------
Start Writing Synthesis Report
---------------------------------------------------------------------------------

DSP Final Report (the ' indicates corresponding REG is set)
+------------+--------------+--------+--------+--------+--------+--------+------+------+------+------+-------+------+------+
|Module Name | DSP Mapping  | A Size | B Size | C Size | D Size | P Size | AREG | BREG | CREG | DREG | ADREG | MREG | PREG | 
+------------+--------------+--------+--------+--------+--------+--------+------+------+------+------+-------+------+------+
|fir         | A*B          | 17     | 18     | -      | -      | 48     | 0    | 0    | -    | -    | -     | 0    | 0    | 
|fir         | A*B          | 17     | 17     | -      | -      | 48     | 0    | 0    | -    | -    | -     | 0    | 0    | 
|fir         | PCIN>>17+A*B | 17     | 18     | -      | -      | 48     | 0    | 0    | -    | -    | -     | 0    | 0    | 
+------------+--------------+--------+--------+--------+--------+--------+------+------+------+------+-------+------+------+


Report BlackBoxes: 
+-+--------------+----------+
| |BlackBox name |Instances |
+-+--------------+----------+
+-+--------------+----------+

Report Cell Usage: 
+------+--------+------+
|      |Cell    |Count |
+------+--------+------+
|1     |BUFG    |     1|
|2     |CARRY4  |    19|
|3     |DSP48E1 |     3|
|4     |LUT1    |     3|
|5     |LUT2    |    55|
|6     |LUT3    |    72|
|7     |LUT4    |    16|
|8     |LUT5    |    76|
|9     |LUT6    |    58|
|10    |FDRE    |    86|
|11    |FDSE    |     4|
|12    |IBUF    |   159|
|13    |OBUF    |   169|
+------+--------+------+
---------------------------------------------------------------------------------
Finished Writing Synthesis Report : Time (s): cpu = 00:00:51 ; elapsed = 00:00:56 . Memory (MB): peak = 2872.559 ; gain = 16.008 ; free physical = 1510 ; free virtual = 6119
---------------------------------------------------------------------------------
Synthesis finished with 0 errors, 0 critical warnings and 13 warnings.
Synthesis Optimization Runtime : Time (s): cpu = 00:00:48 ; elapsed = 00:00:52 . Memory (MB): peak = 2872.559 ; gain = 0.000 ; free physical = 1581 ; free virtual = 6191
Synthesis Optimization Complete : Time (s): cpu = 00:00:52 ; elapsed = 00:00:56 . Memory (MB): peak = 2872.566 ; gain = 16.008 ; free physical = 1581 ; free virtual = 6191
INFO: [Project 1-571] Translating synthesized netlist
Netlist sorting complete. Time (s): cpu = 00:00:00.01 ; elapsed = 00:00:00.01 . Memory (MB): peak = 2872.566 ; gain = 0.000 ; free physical = 1676 ; free virtual = 6286
INFO: [Netlist 29-17] Analyzing 22 Unisim elements for replacement
INFO: [Netlist 29-28] Unisim Transformation completed in 0 CPU seconds
INFO: [Project 1-570] Preparing netlist for logic optimization
INFO: [Opt 31-138] Pushed 0 inverter(s) to 0 load pin(s).
Netlist sorting complete. Time (s): cpu = 00:00:00 ; elapsed = 00:00:00 . Memory (MB): peak = 2872.566 ; gain = 0.000 ; free physical = 1627 ; free virtual = 6237
INFO: [Project 1-111] Unisim Transformation Summary:
No Unisim elements were transformed.

Synth Design complete, checksum: c0bb71aa
INFO: [Common 17-83] Releasing license: Synthesis
16 Infos, 23 Warnings, 0 Critical Warnings and 0 Errors encountered.
synth_design completed successfully
synth_design: Time (s): cpu = 00:01:04 ; elapsed = 00:01:08 . Memory (MB): peak = 2872.566 ; gain = 16.016 ; free physical = 1834 ; free virtual = 6444
INFO: [Common 17-1381] The checkpoint '/home/ubuntu/yucheng/course-lab_3/project_2/project_2.runs/synth_1/fir.dcp' has been generated.
INFO: [runtcl-4] Executing : report_utilization -file fir_utilization_synth.rpt -pb fir_utilization_synth.pb
INFO: [Common 17-206] Exiting Vivado at Thu Oct 19 02:13:54 2023...
